<?xml version="1.0" encoding="UTF-8"?>
<robot generator="Robot 7.0.1 (Python 3.8.10 on linux)" generated="2024-09-03T22:20:04.164827" rpa="false" schemaversion="5">
<suite id="s1" name="Tjmsp" source="/home/rfahham/projetos/robot-framework/projetos/tjmsp">
<suite id="s1-s1" name="Tjmsp" source="/home/rfahham/projetos/robot-framework/projetos/tjmsp/tjmsp.robot">
<test id="s1-s1-t1" name="Cenário 1: Consulta de Processos" line="34">
<kw name="Acessar a home">
<kw name="Open Browser" owner="SeleniumLibrary">
<msg time="2024-09-03T22:20:04.443931" level="INFO">Opening browser 'chrome' to base url 'https://ww2.tjmsp.jus.br/p_processos.htm'.</msg>
<arg>${url}</arg>
<arg>chrome</arg>
<doc>Opens a new browser instance to the optional ``url``.</doc>
<status status="PASS" start="2024-09-03T22:20:04.439100" elapsed="2.737894"/>
</kw>
<status status="PASS" start="2024-09-03T22:20:04.436687" elapsed="2.741147"/>
</kw>
<kw name="Clicar Botão Advogados">
<kw name="Click Element" owner="SeleniumLibrary">
<msg time="2024-09-03T22:20:07.180552" level="INFO">Clicking element '//*[@id="home"]/div[2]/div/div[4]/div/button[2]'.</msg>
<arg>${Advogados}</arg>
<doc>Click the element identified by ``locator``.</doc>
<status status="PASS" start="2024-09-03T22:20:07.179796" elapsed="2.928045"/>
</kw>
<status status="PASS" start="2024-09-03T22:20:07.178905" elapsed="2.929499"/>
</kw>
<kw name="Clicar no Nro. da OAB">
<kw name="Click Element" owner="SeleniumLibrary">
<msg time="2024-09-03T22:20:10.110509" level="INFO">Clicking element '//*[@id="home"]/div[2]/div/div[4]/div[1]/button[1]'.</msg>
<arg>${oab}</arg>
<doc>Click the element identified by ``locator``.</doc>
<status status="PASS" start="2024-09-03T22:20:10.109954" elapsed="0.091345"/>
</kw>
<status status="PASS" start="2024-09-03T22:20:10.109234" elapsed="0.092560"/>
</kw>
<kw name="Clicar em Número da OAB">
<kw name="Input Text" owner="SeleniumLibrary">
<msg time="2024-09-03T22:20:10.204111" level="INFO">Typing text '123456' into text field '//*[@id="txt_nro_oab"]'.</msg>
<arg>//*[@id="txt_nro_oab"]</arg>
<arg>${numero-oab}</arg>
<doc>Types the given ``text`` into the text field identified by ``locator``.</doc>
<status status="PASS" start="2024-09-03T22:20:10.203333" elapsed="0.153918"/>
</kw>
<status status="PASS" start="2024-09-03T22:20:10.202479" elapsed="0.155401"/>
</kw>
<kw name="Escolher Estado">
<kw name="Click Element" owner="SeleniumLibrary">
<msg time="2024-09-03T22:20:10.360426" level="INFO">Clicking element '//*[@id="psq_oab"]/div[4]/div/select/option[20]'.</msg>
<arg>//*[@id="psq_oab"]/div[4]/div/select/option[20]</arg>
<doc>Click the element identified by ``locator``.</doc>
<status status="PASS" start="2024-09-03T22:20:10.359818" elapsed="0.058837"/>
</kw>
<status status="PASS" start="2024-09-03T22:20:10.358902" elapsed="0.060172"/>
</kw>
<kw name="Clicar botão Enviar">
<kw name="Click Element" owner="SeleniumLibrary">
<msg time="2024-09-03T22:20:10.422964" level="INFO">Clicking element '//*[@id="btn_enviar"]'.</msg>
<arg>//*[@id="btn_enviar"]</arg>
<doc>Click the element identified by ``locator``.</doc>
<status status="PASS" start="2024-09-03T22:20:10.421804" elapsed="0.114530"/>
</kw>
<status status="PASS" start="2024-09-03T22:20:10.420084" elapsed="0.116696"/>
</kw>
<kw name="Verificação">
<kw name="Element Should Be Visible" owner="SeleniumLibrary">
<msg time="2024-09-03T22:20:10.587461" level="INFO">Element '//html/body[contains(text(), "The page cannot be displayed because an internal server error has occurred.")]' is displayed.</msg>
<arg>${verificação}</arg>
<doc>Verifies that the element identified by ``locator`` is visible.</doc>
<status status="PASS" start="2024-09-03T22:20:10.541062" elapsed="0.046845"/>
</kw>
<status status="PASS" start="2024-09-03T22:20:10.537478" elapsed="0.050679"/>
</kw>
<kw name="Close Browser" owner="SeleniumLibrary">
<doc>Closes the current browser.</doc>
<status status="PASS" start="2024-09-03T22:20:10.588866" elapsed="0.067040"/>
</kw>
<status status="PASS" start="2024-09-03T22:20:04.434009" elapsed="6.223163"/>
</test>
<status status="PASS" start="2024-09-03T22:20:04.209520" elapsed="6.450951"/>
</suite>
<status status="PASS" start="2024-09-03T22:20:04.174925" elapsed="6.489369"/>
</suite>
<statistics>
<total>
<stat pass="1" fail="0" skip="0">All Tests</stat>
</total>
<tag>
</tag>
<suite>
<stat pass="1" fail="0" skip="0" id="s1" name="Tjmsp">Tjmsp</stat>
<stat pass="1" fail="0" skip="0" id="s1-s1" name="Tjmsp">Tjmsp.Tjmsp</stat>
</suite>
</statistics>
<errors>
</errors>
</robot>
