<?xml version="1.0" encoding="UTF-8"?>
<robot generator="Robot 7.0.1 (Python 3.10.12 on linux)" generated="2024-08-16T16:18:00.768705" rpa="false" schemaversion="5">
<suite id="s1" name="Acessar" source="/home/rfahham/projetos/robot-framework/projetos/sandbox/site/acessar.robot">
<test id="s1-t1" name="CenÃ¡rio 1: Acessando o site sandbox" line="16">
<kw name="Abrir Site">
<kw name="Open Browser" owner="SeleniumLibrary">
<msg time="2024-08-16T16:18:00.914175" level="INFO">Opening browser 'chrome' to base url 'https://globo.com'.</msg>
<msg time="2024-08-16T16:18:05.368996" level="INFO">Cannot capture screenshot because no browser is open.</msg>
<msg time="2024-08-16T16:18:05.369147" level="FAIL">NoSuchDriverException: Message: Unable to obtain driver for chrome; For documentation on this error, please visit: https://www.selenium.dev/documentation/webdriver/troubleshooting/errors/driver_location
</msg>
<arg>--{url}</arg>
<arg>chrome</arg>
<doc>Opens a new browser instance to the optional ``url``.</doc>
<status status="FAIL" start="2024-08-16T16:18:00.913938" elapsed="4.456455">NoSuchDriverException: Message: Unable to obtain driver for chrome; For documentation on this error, please visit: https://www.selenium.dev/documentation/webdriver/troubleshooting/errors/driver_location
</status>
</kw>
<status status="FAIL" start="2024-08-16T16:18:00.913081" elapsed="4.457579">NoSuchDriverException: Message: Unable to obtain driver for chrome; For documentation on this error, please visit: https://www.selenium.dev/documentation/webdriver/troubleshooting/errors/driver_location
</status>
</kw>
<kw name="Fechar Site">
<status status="NOT RUN" start="2024-08-16T16:18:05.371043" elapsed="0.000057"/>
</kw>
<status status="FAIL" start="2024-08-16T16:18:00.912484" elapsed="4.458896">NoSuchDriverException: Message: Unable to obtain driver for chrome; For documentation on this error, please visit: https://www.selenium.dev/documentation/webdriver/troubleshooting/errors/driver_location
</status>
</test>
<status status="FAIL" start="2024-08-16T16:18:00.769574" elapsed="4.602468"/>
</suite>
<statistics>
<total>
<stat pass="0" fail="1" skip="0">All Tests</stat>
</total>
<tag>
</tag>
<suite>
<stat pass="0" fail="1" skip="0" id="s1" name="Acessar">Acessar</stat>
</suite>
</statistics>
<errors>
</errors>
</robot>
