<?xml version="1.0" encoding="UTF-8"?>
<robot generator="Robot 7.0.1 (Python 3.8.10 on linux)" generated="2024-09-03T22:12:39.551725" rpa="false" schemaversion="5">
<suite id="s1" name="Local" source="/home/rfahham/projetos/robot-framework/projetos/local/local.robot">
<test id="s1-t1" name="Cenário 1: Formulário" line="32">
<kw name="Abrir Site">
<kw name="Open Browser" owner="SeleniumLibrary">
<msg time="2024-09-03T22:12:39.712552" level="INFO">Opening browser 'chrome' to base url 'http://127.0.0.1:5500/projetos/local/index.html'.</msg>
<arg>${url}</arg>
<arg>chrome</arg>
<doc>Opens a new browser instance to the optional ``url``.</doc>
<status status="PASS" start="2024-09-03T22:12:39.712083" elapsed="0.699758"/>
</kw>
<status status="PASS" start="2024-09-03T22:12:39.711108" elapsed="0.701209"/>
</kw>
<kw name="Escolher um ítem da lista">
<kw name="Click Element" owner="SeleniumLibrary">
<msg time="2024-09-03T22:12:40.414319" level="INFO">Clicking element '//*[@id="select-itens"]/option[2]'.</msg>
<arg>//*[@id="select-itens"]/option[2]</arg>
<doc>Click the element identified by ``locator``.</doc>
<status status="PASS" start="2024-09-03T22:12:40.413655" elapsed="0.071869"/>
</kw>
<status status="PASS" start="2024-09-03T22:12:40.412986" elapsed="0.072795"/>
</kw>
<kw name="Digitar algo sobre você">
<kw name="Input Text" owner="SeleniumLibrary">
<msg time="2024-09-03T22:12:40.487390" level="INFO">Typing text 'Meu nome é Ricardo Fahham' into text field '//*[@id="area"]'.</msg>
<arg>//*[@id="area"]</arg>
<arg>text=Meu nome é Ricardo Fahham</arg>
<doc>Types the given ``text`` into the text field identified by ``locator``.</doc>
<status status="PASS" start="2024-09-03T22:12:40.486975" elapsed="0.148566"/>
</kw>
<kw name="Sleep" owner="BuiltIn">
<msg time="2024-09-03T22:12:45.637130" level="INFO">Slept 5 seconds.</msg>
<arg>5s</arg>
<doc>Pauses the test executed for the given time.</doc>
<status status="PASS" start="2024-09-03T22:12:40.635929" elapsed="5.001721"/>
</kw>
<status status="PASS" start="2024-09-03T22:12:40.486325" elapsed="5.151835"/>
</kw>
<kw name="Inserir Dados Pessoais">
<kw name="Input Text" owner="SeleniumLibrary">
<msg time="2024-09-03T22:12:45.641988" level="INFO">Typing text 'Ricardo Fahham' into text field '//input[@placeholder="Digite seu nome"]'.</msg>
<arg>//input[@placeholder="Digite seu nome"]</arg>
<arg>Ricardo Fahham</arg>
<doc>Types the given ``text`` into the text field identified by ``locator``.</doc>
<status status="PASS" start="2024-09-03T22:12:45.640974" elapsed="0.141333"/>
</kw>
<kw name="Input Text" owner="SeleniumLibrary">
<msg time="2024-09-03T22:12:45.783338" level="INFO">Typing text '53' into text field '//input[@placeholder="Digite sua idade"]'.</msg>
<arg>//input[@placeholder="Digite sua idade"]</arg>
<arg>53</arg>
<doc>Types the given ``text`` into the text field identified by ``locator``.</doc>
<status status="PASS" start="2024-09-03T22:12:45.782891" elapsed="0.090996"/>
</kw>
<kw name="Input Text" owner="SeleniumLibrary">
<msg time="2024-09-03T22:12:45.874578" level="INFO">Typing text 'Rio de Janeiro' into text field '//input[@placeholder="Digite onde nasceu"]'.</msg>
<arg>//input[@placeholder="Digite onde nasceu"]</arg>
<arg>Rio de Janeiro</arg>
<doc>Types the given ``text`` into the text field identified by ``locator``.</doc>
<status status="PASS" start="2024-09-03T22:12:45.874211" elapsed="0.110383"/>
</kw>
<kw name="Sleep" owner="BuiltIn">
<msg time="2024-09-03T22:12:50.985368" level="INFO">Slept 5 seconds.</msg>
<arg>5s</arg>
<doc>Pauses the test executed for the given time.</doc>
<status status="PASS" start="2024-09-03T22:12:45.984906" elapsed="5.000649"/>
</kw>
<status status="PASS" start="2024-09-03T22:12:45.639461" elapsed="5.346248"/>
</kw>
<kw name="Clicar em Acessar">
<kw name="Click Element" owner="SeleniumLibrary">
<msg time="2024-09-03T22:12:50.986782" level="INFO">Clicking element '//button'.</msg>
<arg>//button</arg>
<doc>Click the element identified by ``locator``.</doc>
<status status="PASS" start="2024-09-03T22:12:50.986497" elapsed="0.059771"/>
</kw>
<status status="PASS" start="2024-09-03T22:12:50.986088" elapsed="0.060450"/>
</kw>
<kw name="Fechar Site">
<kw name="Close Browser" owner="SeleniumLibrary">
<doc>Closes the current browser.</doc>
<status status="PASS" start="2024-09-03T22:12:51.047591" elapsed="0.079537"/>
</kw>
<status status="PASS" start="2024-09-03T22:12:51.047065" elapsed="0.080344"/>
</kw>
<status status="PASS" start="2024-09-03T22:12:39.710350" elapsed="11.417523"/>
</test>
<status status="PASS" start="2024-09-03T22:12:39.552868" elapsed="11.575988"/>
</suite>
<statistics>
<total>
<stat pass="1" fail="0" skip="0">All Tests</stat>
</total>
<tag>
</tag>
<suite>
<stat pass="1" fail="0" skip="0" id="s1" name="Local">Local</stat>
</suite>
</statistics>
<errors>
</errors>
</robot>
