<?xml version="1.0" encoding="UTF-8"?>
<robot generator="Robot 7.0.1 (Python 3.10.12 on linux)" generated="2024-08-16T14:19:02.012908" rpa="false" schemaversion="5">
<suite id="s1" name="Test" source="/home/rfahham/projetos/robot-framework/projetos/teste/test.robot">
<test id="s1-t1" name="Cenário 1: Acessando o site do Robot" line="12">
<kw name="Abrir Site">
<kw name="Open Browser" owner="SeleniumLibrary">
<msg time="2024-08-16T14:19:02.260718" level="INFO">Opening browser 'chrome' to base url 'https://robotframework.org/'.</msg>
<arg>https://robotframework.org/</arg>
<arg>chrome</arg>
<doc>Opens a new browser instance to the optional ``url``.</doc>
<status status="PASS" start="2024-08-16T14:19:02.260281" elapsed="23.976321"/>
</kw>
<status status="PASS" start="2024-08-16T14:19:02.258836" elapsed="23.977938"/>
</kw>
<status status="PASS" start="2024-08-16T14:19:02.257850" elapsed="23.979209"/>
</test>
<status status="PASS" start="2024-08-16T14:19:02.013746" elapsed="24.224085"/>
</suite>
<statistics>
<total>
<stat pass="1" fail="0" skip="0">All Tests</stat>
</total>
<tag>
</tag>
<suite>
<stat pass="1" fail="0" skip="0" id="s1" name="Test">Test</stat>
</suite>
</statistics>
<errors>
</errors>
</robot>
